0 info it worked if it ends with ok
1 verbose cli [ 'node', '/usr/local/bin/npm', 'install', 'gcm' ]
2 info using npm@1.3.8
3 info using node@v0.10.17
4 verbose cache add [ 'gcm', null ]
5 verbose cache add name=undefined spec="gcm" args=["gcm",null]
6 verbose parsed url { protocol: null,
6 verbose parsed url   slashes: null,
6 verbose parsed url   auth: null,
6 verbose parsed url   host: null,
6 verbose parsed url   port: null,
6 verbose parsed url   hostname: null,
6 verbose parsed url   hash: null,
6 verbose parsed url   search: null,
6 verbose parsed url   query: null,
6 verbose parsed url   pathname: 'gcm',
6 verbose parsed url   path: 'gcm',
6 verbose parsed url   href: 'gcm' }
7 silly lockFile 8e99a898-gcm gcm
8 verbose lock gcm /Users/arpyvanyan/.npm/8e99a898-gcm.lock
9 silly lockFile 8e99a898-gcm gcm
10 silly lockFile 8e99a898-gcm gcm
11 verbose addNamed [ 'gcm', '' ]
12 verbose addNamed [ null, '*' ]
13 silly lockFile 03c6fb19-gcm gcm@
14 verbose lock gcm@ /Users/arpyvanyan/.npm/03c6fb19-gcm.lock
15 silly addNameRange { name: 'gcm', range: '*', hasData: false }
16 verbose url raw gcm
17 verbose url resolving [ 'https://registry.npmjs.org/', './gcm' ]
18 verbose url resolved https://registry.npmjs.org/gcm
19 info trying registry request attempt 1 at 17:22:23
20 http GET https://registry.npmjs.org/gcm
21 info retry will retry, error on last attempt: Error: SELF_SIGNED_CERT_IN_CHAIN
22 info trying registry request attempt 2 at 17:22:33
23 http GET https://registry.npmjs.org/gcm
24 info retry will retry, error on last attempt: Error: SELF_SIGNED_CERT_IN_CHAIN
25 info trying registry request attempt 3 at 17:23:33
26 http GET https://registry.npmjs.org/gcm
27 silly lockFile 03c6fb19-gcm gcm@
28 silly lockFile 03c6fb19-gcm gcm@
29 error Error: SELF_SIGNED_CERT_IN_CHAIN
29 error     at SecurePair.<anonymous> (tls.js:1357:32)
29 error     at SecurePair.EventEmitter.emit (events.js:92:17)
29 error     at SecurePair.maybeInitFinished (tls.js:970:10)
29 error     at CleartextStream.read [as _read] (tls.js:463:15)
29 error     at CleartextStream.Readable.read (_stream_readable.js:320:10)
29 error     at EncryptedStream.write [as _write] (tls.js:366:25)
29 error     at doWrite (_stream_writable.js:219:10)
29 error     at writeOrBuffer (_stream_writable.js:209:5)
29 error     at EncryptedStream.Writable.write (_stream_writable.js:180:11)
29 error     at write (_stream_readable.js:583:24)
30 error If you need help, you may report this log at:
30 error     <http://github.com/isaacs/npm/issues>
30 error or email it to:
30 error     <npm-@googlegroups.com>
31 error System Darwin 13.0.0
32 error command "node" "/usr/local/bin/npm" "install" "gcm"
33 error cwd /Users/arpyvanyan/github/av-push
34 error node -v v0.10.17
35 error npm -v 1.3.8
36 verbose exit [ 1, true ]
